2014/05/01 02:04:32 [error] [exception.CHttpException.404] exception 'CHttpException' with message 'Unable to resolve the request "fonts/font.css".' in D:\wamp\www\framework\web\CWebApplication.php:286
Stack trace:
#0 D:\wamp\www\framework\web\CWebApplication.php(141): CWebApplication->runController('fonts/font.css')
#1 D:\wamp\www\framework\base\CApplication.php(180): CWebApplication->processRequest()
#2 D:\wamp\www\pos.local\index.php(13): CApplication->run()
#3 {main}
REQUEST_URI=/pos.local/fonts/font.css
HTTP_REFERER=http://localhost/pos.local/css/style.css
---
2014/05/01 02:04:47 [error] [exception.CHttpException.404] exception 'CHttpException' with message 'Unable to resolve the request "fonts/font.css".' in D:\wamp\www\framework\web\CWebApplication.php:286
Stack trace:
#0 D:\wamp\www\framework\web\CWebApplication.php(141): CWebApplication->runController('fonts/font.css')
#1 D:\wamp\www\framework\base\CApplication.php(180): CWebApplication->processRequest()
#2 D:\wamp\www\pos.local\index.php(13): CApplication->run()
#3 {main}
REQUEST_URI=/pos.local/fonts/font.css
HTTP_REFERER=http://localhost/pos.local/css/style.css
---
2014/05/01 02:05:00 [error] [exception.CHttpException.404] exception 'CHttpException' with message 'Unable to resolve the request "fonts/font.css".' in D:\wamp\www\framework\web\CWebApplication.php:286
Stack trace:
#0 D:\wamp\www\framework\web\CWebApplication.php(141): CWebApplication->runController('fonts/font.css')
#1 D:\wamp\www\framework\base\CApplication.php(180): CWebApplication->processRequest()
#2 D:\wamp\www\pos.local\index.php(13): CApplication->run()
#3 {main}
REQUEST_URI=/pos.local/fonts/font.css
HTTP_REFERER=http://localhost/pos.local/css/style.css
---
2014/05/01 02:58:40 [error] [exception.CHttpException.404] exception 'CHttpException' with message 'Unable to resolve the request "fonts/font.css".' in D:\wamp\www\framework\web\CWebApplication.php:286
Stack trace:
#0 D:\wamp\www\framework\web\CWebApplication.php(141): CWebApplication->runController('fonts/font.css')
#1 D:\wamp\www\framework\base\CApplication.php(180): CWebApplication->processRequest()
#2 D:\wamp\www\pos.local\index.php(13): CApplication->run()
#3 {main}
REQUEST_URI=/pos.local/fonts/font.css
HTTP_REFERER=http://localhost/pos.local/css/style.css
---
2014/05/01 02:58:55 [error] [exception.CHttpException.404] exception 'CHttpException' with message 'Unable to resolve the request "fonts/font.css".' in D:\wamp\www\framework\web\CWebApplication.php:286
Stack trace:
#0 D:\wamp\www\framework\web\CWebApplication.php(141): CWebApplication->runController('fonts/font.css')
#1 D:\wamp\www\framework\base\CApplication.php(180): CWebApplication->processRequest()
#2 D:\wamp\www\pos.local\index.php(13): CApplication->run()
#3 {main}
REQUEST_URI=/pos.local/fonts/font.css
HTTP_REFERER=http://localhost/pos.local/css/style.css
---
2014/05/01 04:17:45 [error] [exception.CHttpException.404] exception 'CHttpException' with message 'Unable to resolve the request "fonts/font.css".' in D:\wamp\www\framework\web\CWebApplication.php:286
Stack trace:
#0 D:\wamp\www\framework\web\CWebApplication.php(141): CWebApplication->runController('fonts/font.css')
#1 D:\wamp\www\framework\base\CApplication.php(180): CWebApplication->processRequest()
#2 D:\wamp\www\pos.local\index.php(13): CApplication->run()
#3 {main}
REQUEST_URI=/pos.local/fonts/font.css
HTTP_REFERER=http://localhost/pos.local/css/style.css
---
2014/05/01 04:18:03 [error] [exception.CHttpException.404] exception 'CHttpException' with message 'Unable to resolve the request "fonts/font.css".' in D:\wamp\www\framework\web\CWebApplication.php:286
Stack trace:
#0 D:\wamp\www\framework\web\CWebApplication.php(141): CWebApplication->runController('fonts/font.css')
#1 D:\wamp\www\framework\base\CApplication.php(180): CWebApplication->processRequest()
#2 D:\wamp\www\pos.local\index.php(13): CApplication->run()
#3 {main}
REQUEST_URI=/pos.local/fonts/font.css
HTTP_REFERER=http://localhost/pos.local/css/style.css
---
2014/05/01 04:20:07 [error] [exception.CHttpException.404] exception 'CHttpException' with message 'Unable to resolve the request "fonts/font.css".' in D:\wamp\www\framework\web\CWebApplication.php:286
Stack trace:
#0 D:\wamp\www\framework\web\CWebApplication.php(141): CWebApplication->runController('fonts/font.css')
#1 D:\wamp\www\framework\base\CApplication.php(180): CWebApplication->processRequest()
#2 D:\wamp\www\pos.local\index.php(13): CApplication->run()
#3 {main}
REQUEST_URI=/pos.local/fonts/font.css
HTTP_REFERER=http://localhost/pos.local/css/style.css
---
2014/05/01 04:36:54 [error] [exception.CHttpException.404] exception 'CHttpException' with message 'Unable to resolve the request "fonts/font.css".' in D:\wamp\www\framework\web\CWebApplication.php:286
Stack trace:
#0 D:\wamp\www\framework\web\CWebApplication.php(141): CWebApplication->runController('fonts/font.css')
#1 D:\wamp\www\framework\base\CApplication.php(180): CWebApplication->processRequest()
#2 D:\wamp\www\pos.local\index.php(13): CApplication->run()
#3 {main}
REQUEST_URI=/pos.local/fonts/font.css
HTTP_REFERER=http://localhost/pos.local/css/style.css
---
2014/05/01 04:37:02 [error] [exception.CHttpException.404] exception 'CHttpException' with message 'Unable to resolve the request "fonts/font.css".' in D:\wamp\www\framework\web\CWebApplication.php:286
Stack trace:
#0 D:\wamp\www\framework\web\CWebApplication.php(141): CWebApplication->runController('fonts/font.css')
#1 D:\wamp\www\framework\base\CApplication.php(180): CWebApplication->processRequest()
#2 D:\wamp\www\pos.local\index.php(13): CApplication->run()
#3 {main}
REQUEST_URI=/pos.local/fonts/font.css
HTTP_REFERER=http://localhost/pos.local/css/style.css
---
2014/05/01 04:37:10 [error] [exception.CHttpException.404] exception 'CHttpException' with message 'Unable to resolve the request "fonts/font.css".' in D:\wamp\www\framework\web\CWebApplication.php:286
Stack trace:
#0 D:\wamp\www\framework\web\CWebApplication.php(141): CWebApplication->runController('fonts/font.css')
#1 D:\wamp\www\framework\base\CApplication.php(180): CWebApplication->processRequest()
#2 D:\wamp\www\pos.local\index.php(13): CApplication->run()
#3 {main}
REQUEST_URI=/pos.local/fonts/font.css
HTTP_REFERER=http://localhost/pos.local/css/style.css
---
2014/05/01 04:39:19 [error] [exception.CHttpException.404] exception 'CHttpException' with message 'Unable to resolve the request "fonts/font.css".' in D:\wamp\www\framework\web\CWebApplication.php:286
Stack trace:
#0 D:\wamp\www\framework\web\CWebApplication.php(141): CWebApplication->runController('fonts/font.css')
#1 D:\wamp\www\framework\base\CApplication.php(180): CWebApplication->processRequest()
#2 D:\wamp\www\pos.local\index.php(13): CApplication->run()
#3 {main}
REQUEST_URI=/pos.local/fonts/font.css
HTTP_REFERER=http://localhost/pos.local/css/style.css
---
2014/05/01 04:39:31 [error] [exception.CHttpException.404] exception 'CHttpException' with message 'Unable to resolve the request "fonts/font.css".' in D:\wamp\www\framework\web\CWebApplication.php:286
Stack trace:
#0 D:\wamp\www\framework\web\CWebApplication.php(141): CWebApplication->runController('fonts/font.css')
#1 D:\wamp\www\framework\base\CApplication.php(180): CWebApplication->processRequest()
#2 D:\wamp\www\pos.local\index.php(13): CApplication->run()
#3 {main}
REQUEST_URI=/pos.local/fonts/font.css
HTTP_REFERER=http://localhost/pos.local/css/style.css
---
2014/05/01 04:40:08 [error] [exception.CHttpException.404] exception 'CHttpException' with message 'Unable to resolve the request "fonts/font.css".' in D:\wamp\www\framework\web\CWebApplication.php:286
Stack trace:
#0 D:\wamp\www\framework\web\CWebApplication.php(141): CWebApplication->runController('fonts/font.css')
#1 D:\wamp\www\framework\base\CApplication.php(180): CWebApplication->processRequest()
#2 D:\wamp\www\pos.local\index.php(13): CApplication->run()
#3 {main}
REQUEST_URI=/pos.local/fonts/font.css
HTTP_REFERER=http://localhost/pos.local/css/style.css
---
2014/05/01 04:55:57 [error] [exception.CHttpException.404] exception 'CHttpException' with message 'Unable to resolve the request "fonts/font.css".' in D:\wamp\www\framework\web\CWebApplication.php:286
Stack trace:
#0 D:\wamp\www\framework\web\CWebApplication.php(141): CWebApplication->runController('fonts/font.css')
#1 D:\wamp\www\framework\base\CApplication.php(180): CWebApplication->processRequest()
#2 D:\wamp\www\pos.local\index.php(13): CApplication->run()
#3 {main}
REQUEST_URI=/pos.local/fonts/font.css
HTTP_REFERER=http://localhost/pos.local/css/style.css
---
2014/05/01 04:56:07 [error] [exception.CHttpException.404] exception 'CHttpException' with message 'Unable to resolve the request "fonts/font.css".' in D:\wamp\www\framework\web\CWebApplication.php:286
Stack trace:
#0 D:\wamp\www\framework\web\CWebApplication.php(141): CWebApplication->runController('fonts/font.css')
#1 D:\wamp\www\framework\base\CApplication.php(180): CWebApplication->processRequest()
#2 D:\wamp\www\pos.local\index.php(13): CApplication->run()
#3 {main}
REQUEST_URI=/pos.local/fonts/font.css
HTTP_REFERER=http://localhost/pos.local/css/style.css
---
2014/05/01 04:58:42 [error] [exception.CHttpException.404] exception 'CHttpException' with message 'Unable to resolve the request "fonts/font.css".' in D:\wamp\www\framework\web\CWebApplication.php:286
Stack trace:
#0 D:\wamp\www\framework\web\CWebApplication.php(141): CWebApplication->runController('fonts/font.css')
#1 D:\wamp\www\framework\base\CApplication.php(180): CWebApplication->processRequest()
#2 D:\wamp\www\pos.local\index.php(13): CApplication->run()
#3 {main}
REQUEST_URI=/pos.local/fonts/font.css
HTTP_REFERER=http://localhost/pos.local/css/style.css
---
2014/05/01 04:58:51 [error] [exception.CHttpException.404] exception 'CHttpException' with message 'Unable to resolve the request "fonts/font.css".' in D:\wamp\www\framework\web\CWebApplication.php:286
Stack trace:
#0 D:\wamp\www\framework\web\CWebApplication.php(141): CWebApplication->runController('fonts/font.css')
#1 D:\wamp\www\framework\base\CApplication.php(180): CWebApplication->processRequest()
#2 D:\wamp\www\pos.local\index.php(13): CApplication->run()
#3 {main}
REQUEST_URI=/pos.local/fonts/font.css
HTTP_REFERER=http://localhost/pos.local/css/style.css
---
2014/05/01 04:59:01 [error] [exception.CHttpException.404] exception 'CHttpException' with message 'Unable to resolve the request "fonts/font.css".' in D:\wamp\www\framework\web\CWebApplication.php:286
Stack trace:
#0 D:\wamp\www\framework\web\CWebApplication.php(141): CWebApplication->runController('fonts/font.css')
#1 D:\wamp\www\framework\base\CApplication.php(180): CWebApplication->processRequest()
#2 D:\wamp\www\pos.local\index.php(13): CApplication->run()
#3 {main}
REQUEST_URI=/pos.local/fonts/font.css
HTTP_REFERER=http://localhost/pos.local/css/style.css
---
2014/05/01 05:01:38 [error] [exception.CHttpException.404] exception 'CHttpException' with message 'Unable to resolve the request "fonts/font.css".' in D:\wamp\www\framework\web\CWebApplication.php:286
Stack trace:
#0 D:\wamp\www\framework\web\CWebApplication.php(141): CWebApplication->runController('fonts/font.css')
#1 D:\wamp\www\framework\base\CApplication.php(180): CWebApplication->processRequest()
#2 D:\wamp\www\pos.local\index.php(13): CApplication->run()
#3 {main}
REQUEST_URI=/pos.local/fonts/font.css
HTTP_REFERER=http://localhost/pos.local/css/style.css
---
2014/05/01 05:01:51 [error] [exception.CHttpException.404] exception 'CHttpException' with message 'Unable to resolve the request "fonts/font.css".' in D:\wamp\www\framework\web\CWebApplication.php:286
Stack trace:
#0 D:\wamp\www\framework\web\CWebApplication.php(141): CWebApplication->runController('fonts/font.css')
#1 D:\wamp\www\framework\base\CApplication.php(180): CWebApplication->processRequest()
#2 D:\wamp\www\pos.local\index.php(13): CApplication->run()
#3 {main}
REQUEST_URI=/pos.local/fonts/font.css
HTTP_REFERER=http://localhost/pos.local/css/style.css
---
2014/05/01 05:01:58 [error] [exception.CHttpException.404] exception 'CHttpException' with message 'Unable to resolve the request "fonts/font.css".' in D:\wamp\www\framework\web\CWebApplication.php:286
Stack trace:
#0 D:\wamp\www\framework\web\CWebApplication.php(141): CWebApplication->runController('fonts/font.css')
#1 D:\wamp\www\framework\base\CApplication.php(180): CWebApplication->processRequest()
#2 D:\wamp\www\pos.local\index.php(13): CApplication->run()
#3 {main}
REQUEST_URI=/pos.local/fonts/font.css
HTTP_REFERER=http://localhost/pos.local/css/style.css
---
2014/05/01 05:02:17 [error] [exception.CHttpException.404] exception 'CHttpException' with message 'Unable to resolve the request "fonts/font.css".' in D:\wamp\www\framework\web\CWebApplication.php:286
Stack trace:
#0 D:\wamp\www\framework\web\CWebApplication.php(141): CWebApplication->runController('fonts/font.css')
#1 D:\wamp\www\framework\base\CApplication.php(180): CWebApplication->processRequest()
#2 D:\wamp\www\pos.local\index.php(13): CApplication->run()
#3 {main}
REQUEST_URI=/pos.local/fonts/font.css
HTTP_REFERER=http://localhost/pos.local/css/style.css
---
2014/05/01 05:09:54 [error] [exception.CHttpException.404] exception 'CHttpException' with message 'Unable to resolve the request "fonts/font.css".' in D:\wamp\www\framework\web\CWebApplication.php:286
Stack trace:
#0 D:\wamp\www\framework\web\CWebApplication.php(141): CWebApplication->runController('fonts/font.css')
#1 D:\wamp\www\framework\base\CApplication.php(180): CWebApplication->processRequest()
#2 D:\wamp\www\pos.local\index.php(13): CApplication->run()
#3 {main}
REQUEST_URI=/pos.local/fonts/font.css
HTTP_REFERER=http://localhost/pos.local/css/style.css
---
2014/05/01 05:10:11 [error] [exception.CHttpException.404] exception 'CHttpException' with message 'Unable to resolve the request "fonts/font.css".' in D:\wamp\www\framework\web\CWebApplication.php:286
Stack trace:
#0 D:\wamp\www\framework\web\CWebApplication.php(141): CWebApplication->runController('fonts/font.css')
#1 D:\wamp\www\framework\base\CApplication.php(180): CWebApplication->processRequest()
#2 D:\wamp\www\pos.local\index.php(13): CApplication->run()
#3 {main}
REQUEST_URI=/pos.local/fonts/font.css
HTTP_REFERER=http://localhost/pos.local/css/style.css
---
2014/05/01 05:10:26 [error] [exception.CHttpException.404] exception 'CHttpException' with message 'Unable to resolve the request "fonts/font.css".' in D:\wamp\www\framework\web\CWebApplication.php:286
Stack trace:
#0 D:\wamp\www\framework\web\CWebApplication.php(141): CWebApplication->runController('fonts/font.css')
#1 D:\wamp\www\framework\base\CApplication.php(180): CWebApplication->processRequest()
#2 D:\wamp\www\pos.local\index.php(13): CApplication->run()
#3 {main}
REQUEST_URI=/pos.local/fonts/font.css
HTTP_REFERER=http://localhost/pos.local/css/style.css
---
2014/05/01 05:10:35 [error] [exception.CException] exception 'CException' with message 'CustomersController cannot find the requested view "/pos.local/home/index?q=sign_in&auth=0&q_url=%2Fpos.local%2Fsetup%2Fcustomers%2FgetCustomerLists".' in D:\wamp\www\framework\web\CController.php:878
Stack trace:
#0 D:\wamp\www\framework\web\CController.php(782): CController->renderPartial('/pos.local/home...', NULL, true)
#1 D:\wamp\www\pos.local\protected\components\Controller.php(30): CController->render('/pos.local/home...')
#2 D:\wamp\www\pos.local\protected\modules\setup\controllers\CustomersController.php(11): Controller->authenticate()
#3 D:\wamp\www\framework\web\actions\CInlineAction.php(49): CustomersController->actionGetCustomerLists()
#4 D:\wamp\www\framework\web\CController.php(308): CInlineAction->runWithParams(Array)
#5 D:\wamp\www\framework\web\CController.php(286): CController->runAction(Object(CInlineAction))
#6 D:\wamp\www\framework\web\CController.php(265): CController->runActionWithFilters(Object(CInlineAction), Array)
#7 D:\wamp\www\framework\web\CWebApplication.php(282): CController->run('getcustomerlist...')
#8 D:\wamp\www\framework\web\CWebApplication.php(141): CWebApplication->runController('setup/customers...')
#9 D:\wamp\www\framework\base\CApplication.php(180): CWebApplication->processRequest()
#10 D:\wamp\www\pos.local\index.php(13): CApplication->run()
#11 {main}
REQUEST_URI=/pos.local/setup/customers/getCustomerLists
HTTP_REFERER=http://localhost/pos.local/setup/customers
---
2014/05/01 05:11:10 [error] [exception.CException] exception 'CException' with message 'CustomersController cannot find the requested view "/home/index".' in D:\wamp\www\framework\web\CController.php:878
Stack trace:
#0 D:\wamp\www\framework\web\CController.php(782): CController->renderPartial('/home/index', Array, true)
#1 D:\wamp\www\pos.local\protected\components\Controller.php(30): CController->render('/home/index', Array)
#2 D:\wamp\www\pos.local\protected\modules\setup\controllers\CustomersController.php(5): Controller->authenticate()
#3 D:\wamp\www\framework\web\actions\CInlineAction.php(49): CustomersController->actionIndex()
#4 D:\wamp\www\framework\web\CController.php(308): CInlineAction->runWithParams(Array)
#5 D:\wamp\www\framework\web\CController.php(286): CController->runAction(Object(CInlineAction))
#6 D:\wamp\www\framework\web\CController.php(265): CController->runActionWithFilters(Object(CInlineAction), Array)
#7 D:\wamp\www\framework\web\CWebApplication.php(282): CController->run('')
#8 D:\wamp\www\framework\web\CWebApplication.php(141): CWebApplication->runController('setup/customers')
#9 D:\wamp\www\framework\base\CApplication.php(180): CWebApplication->processRequest()
#10 D:\wamp\www\pos.local\index.php(13): CApplication->run()
#11 {main}
REQUEST_URI=/pos.local/setup/customers
---
2014/05/01 05:11:30 [error] [exception.CException] exception 'CException' with message 'CustomersController cannot find the requested view "/home/index".' in D:\wamp\www\framework\web\CController.php:878
Stack trace:
#0 D:\wamp\www\framework\web\CController.php(782): CController->renderPartial('/home/index', NULL, true)
#1 D:\wamp\www\pos.local\protected\components\Controller.php(29): CController->render('/home/index')
#2 D:\wamp\www\pos.local\protected\modules\setup\controllers\CustomersController.php(5): Controller->authenticate()
#3 D:\wamp\www\framework\web\actions\CInlineAction.php(49): CustomersController->actionIndex()
#4 D:\wamp\www\framework\web\CController.php(308): CInlineAction->runWithParams(Array)
#5 D:\wamp\www\framework\web\CController.php(286): CController->runAction(Object(CInlineAction))
#6 D:\wamp\www\framework\web\CController.php(265): CController->runActionWithFilters(Object(CInlineAction), Array)
#7 D:\wamp\www\framework\web\CWebApplication.php(282): CController->run('')
#8 D:\wamp\www\framework\web\CWebApplication.php(141): CWebApplication->runController('setup/customers')
#9 D:\wamp\www\framework\base\CApplication.php(180): CWebApplication->processRequest()
#10 D:\wamp\www\pos.local\index.php(13): CApplication->run()
#11 {main}
REQUEST_URI=/pos.local/setup/customers
---
2014/05/01 05:11:48 [error] [exception.CHttpException.404] exception 'CHttpException' with message 'Unable to resolve the request "fonts/font.css".' in D:\wamp\www\framework\web\CWebApplication.php:286
Stack trace:
#0 D:\wamp\www\framework\web\CWebApplication.php(141): CWebApplication->runController('fonts/font.css')
#1 D:\wamp\www\framework\base\CApplication.php(180): CWebApplication->processRequest()
#2 D:\wamp\www\pos.local\index.php(13): CApplication->run()
#3 {main}
REQUEST_URI=/pos.local/fonts/font.css
HTTP_REFERER=http://localhost/pos.local/css/style.css
---
2014/05/01 05:12:01 [error] [exception.CHttpException.404] exception 'CHttpException' with message 'Unable to resolve the request "fonts/font.css".' in D:\wamp\www\framework\web\CWebApplication.php:286
Stack trace:
#0 D:\wamp\www\framework\web\CWebApplication.php(141): CWebApplication->runController('fonts/font.css')
#1 D:\wamp\www\framework\base\CApplication.php(180): CWebApplication->processRequest()
#2 D:\wamp\www\pos.local\index.php(13): CApplication->run()
#3 {main}
REQUEST_URI=/pos.local/fonts/font.css
HTTP_REFERER=http://localhost/pos.local/css/style.css
---
2014/05/01 05:12:13 [error] [exception.CHttpException.404] exception 'CHttpException' with message 'Unable to resolve the request "fonts/font.css".' in D:\wamp\www\framework\web\CWebApplication.php:286
Stack trace:
#0 D:\wamp\www\framework\web\CWebApplication.php(141): CWebApplication->runController('fonts/font.css')
#1 D:\wamp\www\framework\base\CApplication.php(180): CWebApplication->processRequest()
#2 D:\wamp\www\pos.local\index.php(13): CApplication->run()
#3 {main}
REQUEST_URI=/pos.local/fonts/font.css
HTTP_REFERER=http://localhost/pos.local/css/style.css
---
2014/05/01 05:14:01 [error] [exception.CHttpException.404] exception 'CHttpException' with message 'Unable to resolve the request "fonts/font.css".' in D:\wamp\www\framework\web\CWebApplication.php:286
Stack trace:
#0 D:\wamp\www\framework\web\CWebApplication.php(141): CWebApplication->runController('fonts/font.css')
#1 D:\wamp\www\framework\base\CApplication.php(180): CWebApplication->processRequest()
#2 D:\wamp\www\pos.local\index.php(13): CApplication->run()
#3 {main}
REQUEST_URI=/pos.local/fonts/font.css
HTTP_REFERER=http://localhost/pos.local/css/style.css
---
2014/05/01 05:14:12 [error] [exception.CHttpException.404] exception 'CHttpException' with message 'Unable to resolve the request "fonts/font.css".' in D:\wamp\www\framework\web\CWebApplication.php:286
Stack trace:
#0 D:\wamp\www\framework\web\CWebApplication.php(141): CWebApplication->runController('fonts/font.css')
#1 D:\wamp\www\framework\base\CApplication.php(180): CWebApplication->processRequest()
#2 D:\wamp\www\pos.local\index.php(13): CApplication->run()
#3 {main}
REQUEST_URI=/pos.local/fonts/font.css
HTTP_REFERER=http://localhost/pos.local/css/style.css
---
2014/05/01 05:14:16 [error] [exception.CHttpException.404] exception 'CHttpException' with message 'Unable to resolve the request "img/remove-icon-small.png".' in D:\wamp\www\framework\web\CWebApplication.php:286
Stack trace:
#0 D:\wamp\www\framework\web\CWebApplication.php(141): CWebApplication->runController('img/remove-icon...')
#1 D:\wamp\www\framework\base\CApplication.php(180): CWebApplication->processRequest()
#2 D:\wamp\www\pos.local\index.php(13): CApplication->run()
#3 {main}
REQUEST_URI=/pos.local/img/remove-icon-small.png
HTTP_REFERER=http://localhost/pos.local/css/style.css
---
2014/05/01 05:14:21 [error] [exception.CHttpException.404] exception 'CHttpException' with message 'Unable to resolve the request "fonts/font.css".' in D:\wamp\www\framework\web\CWebApplication.php:286
Stack trace:
#0 D:\wamp\www\framework\web\CWebApplication.php(141): CWebApplication->runController('fonts/font.css')
#1 D:\wamp\www\framework\base\CApplication.php(180): CWebApplication->processRequest()
#2 D:\wamp\www\pos.local\index.php(13): CApplication->run()
#3 {main}
REQUEST_URI=/pos.local/fonts/font.css
HTTP_REFERER=http://localhost/pos.local/css/style.css
---
2014/05/01 05:14:27 [error] [exception.CException] exception 'CException' with message 'CustomersController cannot find the requested view "/home/index".' in D:\wamp\www\framework\web\CController.php:878
Stack trace:
#0 D:\wamp\www\framework\web\CController.php(782): CController->renderPartial('/home/index', Array, true)
#1 D:\wamp\www\pos.local\protected\components\Controller.php(30): CController->render('/home/index', Array)
#2 D:\wamp\www\pos.local\protected\modules\setup\controllers\CustomersController.php(11): Controller->authenticate()
#3 D:\wamp\www\framework\web\actions\CInlineAction.php(49): CustomersController->actionGetCustomerLists()
#4 D:\wamp\www\framework\web\CController.php(308): CInlineAction->runWithParams(Array)
#5 D:\wamp\www\framework\web\CController.php(286): CController->runAction(Object(CInlineAction))
#6 D:\wamp\www\framework\web\CController.php(265): CController->runActionWithFilters(Object(CInlineAction), Array)
#7 D:\wamp\www\framework\web\CWebApplication.php(282): CController->run('getcustomerlist...')
#8 D:\wamp\www\framework\web\CWebApplication.php(141): CWebApplication->runController('setup/customers...')
#9 D:\wamp\www\framework\base\CApplication.php(180): CWebApplication->processRequest()
#10 D:\wamp\www\pos.local\index.php(13): CApplication->run()
#11 {main}
REQUEST_URI=/pos.local/setup/customers/getCustomerLists
HTTP_REFERER=http://localhost/pos.local/setup/customers
---
2014/05/01 05:14:38 [error] [exception.CException] exception 'CException' with message 'CustomersController cannot find the requested view "/home/index".' in D:\wamp\www\framework\web\CController.php:878
Stack trace:
#0 D:\wamp\www\framework\web\CController.php(782): CController->renderPartial('/home/index', Array, true)
#1 D:\wamp\www\pos.local\protected\components\Controller.php(30): CController->render('/home/index', Array)
#2 D:\wamp\www\pos.local\protected\modules\setup\controllers\CustomersController.php(11): Controller->authenticate()
#3 D:\wamp\www\framework\web\actions\CInlineAction.php(49): CustomersController->actionGetCustomerLists()
#4 D:\wamp\www\framework\web\CController.php(308): CInlineAction->runWithParams(Array)
#5 D:\wamp\www\framework\web\CController.php(286): CController->runAction(Object(CInlineAction))
#6 D:\wamp\www\framework\web\CController.php(265): CController->runActionWithFilters(Object(CInlineAction), Array)
#7 D:\wamp\www\framework\web\CWebApplication.php(282): CController->run('getcustomerlist...')
#8 D:\wamp\www\framework\web\CWebApplication.php(141): CWebApplication->runController('setup/customers...')
#9 D:\wamp\www\framework\base\CApplication.php(180): CWebApplication->processRequest()
#10 D:\wamp\www\pos.local\index.php(13): CApplication->run()
#11 {main}
REQUEST_URI=/pos.local/setup/customers/getCustomerLists
HTTP_REFERER=http://localhost/pos.local/setup/customers
---
2014/05/01 05:14:46 [error] [exception.CException] exception 'CException' with message 'CustomersController cannot find the requested view "/home/index".' in D:\wamp\www\framework\web\CController.php:878
Stack trace:
#0 D:\wamp\www\framework\web\CController.php(782): CController->renderPartial('/home/index', Array, true)
#1 D:\wamp\www\pos.local\protected\components\Controller.php(30): CController->render('/home/index', Array)
#2 D:\wamp\www\pos.local\protected\modules\setup\controllers\CustomersController.php(11): Controller->authenticate()
#3 D:\wamp\www\framework\web\actions\CInlineAction.php(49): CustomersController->actionGetCustomerLists()
#4 D:\wamp\www\framework\web\CController.php(308): CInlineAction->runWithParams(Array)
#5 D:\wamp\www\framework\web\CController.php(286): CController->runAction(Object(CInlineAction))
#6 D:\wamp\www\framework\web\CController.php(265): CController->runActionWithFilters(Object(CInlineAction), Array)
#7 D:\wamp\www\framework\web\CWebApplication.php(282): CController->run('getcustomerlist...')
#8 D:\wamp\www\framework\web\CWebApplication.php(141): CWebApplication->runController('setup/customers...')
#9 D:\wamp\www\framework\base\CApplication.php(180): CWebApplication->processRequest()
#10 D:\wamp\www\pos.local\index.php(13): CApplication->run()
#11 {main}
REQUEST_URI=/pos.local/setup/customers/getCustomerLists
HTTP_REFERER=http://localhost/pos.local/setup/customers
---
2014/05/01 05:15:12 [error] [exception.CHttpException.404] exception 'CHttpException' with message 'Unable to resolve the request "fonts/font.css".' in D:\wamp\www\framework\web\CWebApplication.php:286
Stack trace:
#0 D:\wamp\www\framework\web\CWebApplication.php(141): CWebApplication->runController('fonts/font.css')
#1 D:\wamp\www\framework\base\CApplication.php(180): CWebApplication->processRequest()
#2 D:\wamp\www\pos.local\index.php(13): CApplication->run()
#3 {main}
REQUEST_URI=/pos.local/fonts/font.css
HTTP_REFERER=http://localhost/pos.local/css/style.css
---
2014/05/01 05:15:23 [error] [php] copy(D:\wamp\www\pos.local\assets\3c03b03b\js\ckeditor\plugins\imagepaste\plugin.js) [<a href='function.copy'>function.copy</a>]: failed to open stream: Invalid argument (D:\wamp\www\framework\utils\CFileHelper.php:152)
Stack trace:
#0 D:\wamp\www\framework\utils\CFileHelper.php(157): copyDirectoryRecursive()
#1 D:\wamp\www\framework\utils\CFileHelper.php(157): copyDirectoryRecursive()
#2 D:\wamp\www\framework\utils\CFileHelper.php(157): copyDirectoryRecursive()
#3 D:\wamp\www\framework\utils\CFileHelper.php(63): copyDirectoryRecursive()
#4 D:\wamp\www\framework\web\CAssetManager.php(251): copyDirectory()
#5 D:\wamp\www\pos.local\protected\extensions\bootstrap\components\Bootstrap.php(447): CAssetManager->publish()
#6 D:\wamp\www\pos.local\protected\extensions\bootstrap\components\Bootstrap.php(157): Bootstrap->getAssetsUrl()
#7 D:\wamp\www\pos.local\protected\extensions\bootstrap\components\Bootstrap.php(118): Bootstrap->registerAssetCss()
#8 D:\wamp\www\pos.local\protected\extensions\bootstrap\components\Bootstrap.php(96): Bootstrap->registerCoreCss()
#9 D:\wamp\www\framework\base\CModule.php(387): Bootstrap->init()
#10 D:\wamp\www\framework\base\CModule.php(103): CWebApplication->getComponent()
#11 D:\wamp\www\pos.local\protected\views\layouts\main.php(7): CWebApplication->__get()
#12 D:\wamp\www\framework\web\CBaseController.php(126): require()
#13 D:\wamp\www\framework\web\CBaseController.php(95): CustomersController->renderInternal()
#14 D:\wamp\www\framework\web\widgets\CContentDecorator.php(76): CustomersController->renderFile()
#15 D:\wamp\www\framework\web\widgets\CContentDecorator.php(54): CContentDecorator->decorate()
#16 D:\wamp\www\framework\web\widgets\COutputProcessor.php(44): CContentDecorator->processOutput()
#17 D:\wamp\www\framework\web\CBaseController.php(206): CContentDecorator->run()
#18 D:\wamp\www\framework\web\CBaseController.php(300): CustomersController->endWidget()
#19 D:\wamp\www\pos.local\protected\modules\setup\views\layouts\setup_layout_column1.php(64): CustomersController->endContent()
#20 D:\wamp\www\framework\web\CBaseController.php(126): require()
#21 D:\wamp\www\framework\web\CBaseController.php(95): CustomersController->renderInternal()
#22 D:\wamp\www\framework\web\CController.php(784): CustomersController->renderFile()
#23 D:\wamp\www\pos.local\protected\modules\setup\controllers\CustomersController.php(7): CustomersController->render()
#24 D:\wamp\www\framework\web\actions\CInlineAction.php(49): CustomersController->actionIndex()
#25 D:\wamp\www\framework\web\CController.php(308): CInlineAction->runWithParams()
#26 D:\wamp\www\framework\web\CController.php(286): CustomersController->runAction()
#27 D:\wamp\www\framework\web\CController.php(265): CustomersController->runActionWithFilters()
#28 D:\wamp\www\framework\web\CWebApplication.php(282): CustomersController->run()
#29 D:\wamp\www\framework\web\CWebApplication.php(141): CWebApplication->runController()
#30 D:\wamp\www\framework\base\CApplication.php(180): CWebApplication->processRequest()
#31 D:\wamp\www\pos.local\index.php(13): CWebApplication->run()
REQUEST_URI=/pos.local/setup/customers
in D:\wamp\www\pos.local\protected\extensions\bootstrap\components\Bootstrap.php (447)
in D:\wamp\www\pos.local\protected\extensions\bootstrap\components\Bootstrap.php (157)
in D:\wamp\www\pos.local\protected\extensions\bootstrap\components\Bootstrap.php (118)
2014/05/01 05:15:21 [error] [exception.CHttpException.404] exception 'CHttpException' with message 'Unable to resolve the request "fonts/font.css".' in D:\wamp\www\framework\web\CWebApplication.php:286
Stack trace:
#0 D:\wamp\www\framework\web\CWebApplication.php(141): CWebApplication->runController('fonts/font.css')
#1 D:\wamp\www\framework\base\CApplication.php(180): CWebApplication->processRequest()
#2 D:\wamp\www\pos.local\index.php(13): CApplication->run()
#3 {main}
REQUEST_URI=/pos.local/fonts/font.css
HTTP_REFERER=http://localhost/pos.local/css/style.css
---
2014/05/01 05:15:39 [error] [exception.CHttpException.404] exception 'CHttpException' with message 'Unable to resolve the request "fonts/font.css".' in D:\wamp\www\framework\web\CWebApplication.php:286
Stack trace:
#0 D:\wamp\www\framework\web\CWebApplication.php(141): CWebApplication->runController('fonts/font.css')
#1 D:\wamp\www\framework\base\CApplication.php(180): CWebApplication->processRequest()
#2 D:\wamp\www\pos.local\index.php(13): CApplication->run()
#3 {main}
REQUEST_URI=/pos.local/fonts/font.css
HTTP_REFERER=http://localhost/pos.local/css/style.css
---
2014/05/01 05:15:42 [error] [exception.CHttpException.404] exception 'CHttpException' with message 'Unable to resolve the request "img/remove-icon-small.png".' in D:\wamp\www\framework\web\CWebApplication.php:286
Stack trace:
#0 D:\wamp\www\framework\web\CWebApplication.php(141): CWebApplication->runController('img/remove-icon...')
#1 D:\wamp\www\framework\base\CApplication.php(180): CWebApplication->processRequest()
#2 D:\wamp\www\pos.local\index.php(13): CApplication->run()
#3 {main}
REQUEST_URI=/pos.local/img/remove-icon-small.png
HTTP_REFERER=http://localhost/pos.local/css/style.css
---
2014/05/01 05:17:06 [error] [exception.CHttpException.404] exception 'CHttpException' with message 'Unable to resolve the request "fonts/font.css".' in D:\wamp\www\framework\web\CWebApplication.php:286
Stack trace:
#0 D:\wamp\www\framework\web\CWebApplication.php(141): CWebApplication->runController('fonts/font.css')
#1 D:\wamp\www\framework\base\CApplication.php(180): CWebApplication->processRequest()
#2 D:\wamp\www\pos.local\index.php(13): CApplication->run()
#3 {main}
REQUEST_URI=/pos.local/fonts/font.css
HTTP_REFERER=http://localhost/pos.local/css/style.css
---
2014/05/01 05:17:13 [error] [exception.CException] exception 'CException' with message 'CustomersController cannot find the requested view "/home/index".' in D:\wamp\www\framework\web\CController.php:878
Stack trace:
#0 D:\wamp\www\framework\web\CController.php(782): CController->renderPartial('/home/index', NULL, true)
#1 D:\wamp\www\pos.local\protected\components\Controller.php(29): CController->render('/home/index')
#2 D:\wamp\www\pos.local\protected\modules\setup\controllers\CustomersController.php(11): Controller->authenticate()
#3 D:\wamp\www\framework\web\actions\CInlineAction.php(49): CustomersController->actionGetCustomerLists()
#4 D:\wamp\www\framework\web\CController.php(308): CInlineAction->runWithParams(Array)
#5 D:\wamp\www\framework\web\CController.php(286): CController->runAction(Object(CInlineAction))
#6 D:\wamp\www\framework\web\CController.php(265): CController->runActionWithFilters(Object(CInlineAction), Array)
#7 D:\wamp\www\framework\web\CWebApplication.php(282): CController->run('getcustomerlist...')
#8 D:\wamp\www\framework\web\CWebApplication.php(141): CWebApplication->runController('setup/customers...')
#9 D:\wamp\www\framework\base\CApplication.php(180): CWebApplication->processRequest()
#10 D:\wamp\www\pos.local\index.php(13): CApplication->run()
#11 {main}
REQUEST_URI=/pos.local/setup/customers/getCustomerLists
HTTP_REFERER=http://localhost/pos.local/setup/customers
---
2014/05/01 05:17:17 [error] [exception.CException] exception 'CException' with message 'CustomersController cannot find the requested view "/home/index".' in D:\wamp\www\framework\web\CController.php:878
Stack trace:
#0 D:\wamp\www\framework\web\CController.php(782): CController->renderPartial('/home/index', NULL, true)
#1 D:\wamp\www\pos.local\protected\components\Controller.php(29): CController->render('/home/index')
#2 D:\wamp\www\pos.local\protected\modules\setup\controllers\CustomersController.php(11): Controller->authenticate()
#3 D:\wamp\www\framework\web\actions\CInlineAction.php(49): CustomersController->actionGetCustomerLists()
#4 D:\wamp\www\framework\web\CController.php(308): CInlineAction->runWithParams(Array)
#5 D:\wamp\www\framework\web\CController.php(286): CController->runAction(Object(CInlineAction))
#6 D:\wamp\www\framework\web\CController.php(265): CController->runActionWithFilters(Object(CInlineAction), Array)
#7 D:\wamp\www\framework\web\CWebApplication.php(282): CController->run('getcustomerlist...')
#8 D:\wamp\www\framework\web\CWebApplication.php(141): CWebApplication->runController('setup/customers...')
#9 D:\wamp\www\framework\base\CApplication.php(180): CWebApplication->processRequest()
#10 D:\wamp\www\pos.local\index.php(13): CApplication->run()
#11 {main}
REQUEST_URI=/pos.local/setup/customers/getCustomerLists
HTTP_REFERER=http://localhost/pos.local/setup/customers
---
2014/05/01 05:18:04 [error] [exception.CHttpException.404] exception 'CHttpException' with message 'Unable to resolve the request "fonts/font.css".' in D:\wamp\www\framework\web\CWebApplication.php:286
Stack trace:
#0 D:\wamp\www\framework\web\CWebApplication.php(141): CWebApplication->runController('fonts/font.css')
#1 D:\wamp\www\framework\base\CApplication.php(180): CWebApplication->processRequest()
#2 D:\wamp\www\pos.local\index.php(13): CApplication->run()
#3 {main}
REQUEST_URI=/pos.local/fonts/font.css
HTTP_REFERER=http://localhost/pos.local/css/style.css
---
2014/05/01 05:18:13 [error] [exception.CHttpException.404] exception 'CHttpException' with message 'Unable to resolve the request "fonts/font.css".' in D:\wamp\www\framework\web\CWebApplication.php:286
Stack trace:
#0 D:\wamp\www\framework\web\CWebApplication.php(141): CWebApplication->runController('fonts/font.css')
#1 D:\wamp\www\framework\base\CApplication.php(180): CWebApplication->processRequest()
#2 D:\wamp\www\pos.local\index.php(13): CApplication->run()
#3 {main}
REQUEST_URI=/pos.local/fonts/font.css
HTTP_REFERER=http://localhost/pos.local/css/style.css
---
2014/05/01 05:18:34 [error] [exception.CHttpException.404] exception 'CHttpException' with message 'Unable to resolve the request "fonts/font.css".' in D:\wamp\www\framework\web\CWebApplication.php:286
Stack trace:
#0 D:\wamp\www\framework\web\CWebApplication.php(141): CWebApplication->runController('fonts/font.css')
#1 D:\wamp\www\framework\base\CApplication.php(180): CWebApplication->processRequest()
#2 D:\wamp\www\pos.local\index.php(13): CApplication->run()
#3 {main}
REQUEST_URI=/pos.local/fonts/font.css
HTTP_REFERER=http://localhost/pos.local/css/style.css
---
2014/05/01 05:21:25 [error] [exception.CHttpException.404] exception 'CHttpException' with message 'Unable to resolve the request "fonts/font.css".' in D:\wamp\www\framework\web\CWebApplication.php:286
Stack trace:
#0 D:\wamp\www\framework\web\CWebApplication.php(141): CWebApplication->runController('fonts/font.css')
#1 D:\wamp\www\framework\base\CApplication.php(180): CWebApplication->processRequest()
#2 D:\wamp\www\pos.local\index.php(13): CApplication->run()
#3 {main}
REQUEST_URI=/pos.local/fonts/font.css
HTTP_REFERER=http://localhost/pos.local/css/style.css
---
2014/05/01 05:21:39 [error] [exception.CHttpException.404] exception 'CHttpException' with message 'Unable to resolve the request "fonts/font.css".' in D:\wamp\www\framework\web\CWebApplication.php:286
Stack trace:
#0 D:\wamp\www\framework\web\CWebApplication.php(141): CWebApplication->runController('fonts/font.css')
#1 D:\wamp\www\framework\base\CApplication.php(180): CWebApplication->processRequest()
#2 D:\wamp\www\pos.local\index.php(13): CApplication->run()
#3 {main}
REQUEST_URI=/pos.local/fonts/font.css
HTTP_REFERER=http://localhost/pos.local/css/style.css
---
2014/05/01 05:21:43 [error] [exception.CHttpException.404] exception 'CHttpException' with message 'Unable to resolve the request "img/remove-icon-small.png".' in D:\wamp\www\framework\web\CWebApplication.php:286
Stack trace:
#0 D:\wamp\www\framework\web\CWebApplication.php(141): CWebApplication->runController('img/remove-icon...')
#1 D:\wamp\www\framework\base\CApplication.php(180): CWebApplication->processRequest()
#2 D:\wamp\www\pos.local\index.php(13): CApplication->run()
#3 {main}
REQUEST_URI=/pos.local/img/remove-icon-small.png
HTTP_REFERER=http://localhost/pos.local/css/style.css
---
2014/05/01 05:22:03 [error] [exception.CHttpException.404] exception 'CHttpException' with message 'Unable to resolve the request "fonts/font.css".' in D:\wamp\www\framework\web\CWebApplication.php:286
Stack trace:
#0 D:\wamp\www\framework\web\CWebApplication.php(141): CWebApplication->runController('fonts/font.css')
#1 D:\wamp\www\framework\base\CApplication.php(180): CWebApplication->processRequest()
#2 D:\wamp\www\pos.local\index.php(13): CApplication->run()
#3 {main}
REQUEST_URI=/pos.local/fonts/font.css
HTTP_REFERER=http://localhost/pos.local/css/style.css
---
2014/05/01 05:22:34 [error] [exception.CHttpException.404] exception 'CHttpException' with message 'Unable to resolve the request "fonts/font.css".' in D:\wamp\www\framework\web\CWebApplication.php:286
Stack trace:
#0 D:\wamp\www\framework\web\CWebApplication.php(141): CWebApplication->runController('fonts/font.css')
#1 D:\wamp\www\framework\base\CApplication.php(180): CWebApplication->processRequest()
#2 D:\wamp\www\pos.local\index.php(13): CApplication->run()
#3 {main}
REQUEST_URI=/pos.local/fonts/font.css
HTTP_REFERER=http://localhost/pos.local/css/style.css
---
2014/05/01 05:22:36 [error] [exception.CHttpException.404] exception 'CHttpException' with message 'Unable to resolve the request "img/remove-icon-small.png".' in D:\wamp\www\framework\web\CWebApplication.php:286
Stack trace:
#0 D:\wamp\www\framework\web\CWebApplication.php(141): CWebApplication->runController('img/remove-icon...')
#1 D:\wamp\www\framework\base\CApplication.php(180): CWebApplication->processRequest()
#2 D:\wamp\www\pos.local\index.php(13): CApplication->run()
#3 {main}
REQUEST_URI=/pos.local/img/remove-icon-small.png
HTTP_REFERER=http://localhost/pos.local/css/style.css
---
2014/05/01 05:22:41 [error] [exception.CHttpException.404] exception 'CHttpException' with message 'Unable to resolve the request "fonts/font.css".' in D:\wamp\www\framework\web\CWebApplication.php:286
Stack trace:
#0 D:\wamp\www\framework\web\CWebApplication.php(141): CWebApplication->runController('fonts/font.css')
#1 D:\wamp\www\framework\base\CApplication.php(180): CWebApplication->processRequest()
#2 D:\wamp\www\pos.local\index.php(13): CApplication->run()
#3 {main}
REQUEST_URI=/pos.local/fonts/font.css
HTTP_REFERER=http://localhost/pos.local/css/style.css
---
2014/05/01 05:22:47 [error] [php] Undefined variable: model (D:\wamp\www\pos.local\protected\modules\setup\views\customers\create.php:22)
Stack trace:
#0 D:\wamp\www\framework\web\CController.php(869): CustomersController->renderFile()
#1 D:\wamp\www\framework\web\CController.php(782): CustomersController->renderPartial()
#2 D:\wamp\www\pos.local\protected\modules\setup\controllers\CustomersController.php(12): CustomersController->render()
#3 D:\wamp\www\framework\web\actions\CInlineAction.php(49): CustomersController->actionGetCustomerLists()
#4 D:\wamp\www\framework\web\CController.php(308): CInlineAction->runWithParams()
#5 D:\wamp\www\framework\web\CController.php(286): CustomersController->runAction()
#6 D:\wamp\www\framework\web\CController.php(265): CustomersController->runActionWithFilters()
#7 D:\wamp\www\framework\web\CWebApplication.php(282): CustomersController->run()
#8 D:\wamp\www\framework\web\CWebApplication.php(141): CWebApplication->runController()
#9 D:\wamp\www\framework\base\CApplication.php(180): CWebApplication->processRequest()
#10 D:\wamp\www\pos.local\index.php(13): CWebApplication->run()
REQUEST_URI=/pos.local/setup/customers/getCustomerLists
in D:\wamp\www\pos.local\protected\modules\setup\views\customers\create.php (22)
in D:\wamp\www\pos.local\protected\modules\setup\controllers\CustomersController.php (12)
in D:\wamp\www\pos.local\index.php (13)
2014/05/01 05:47:22 [error] [exception.CHttpException.404] exception 'CHttpException' with message 'Unable to resolve the request "fonts/font.css".' in D:\wamp\www\framework\web\CWebApplication.php:286
Stack trace:
#0 D:\wamp\www\framework\web\CWebApplication.php(141): CWebApplication->runController('fonts/font.css')
#1 D:\wamp\www\framework\base\CApplication.php(180): CWebApplication->processRequest()
#2 D:\wamp\www\pos.local\index.php(13): CApplication->run()
#3 {main}
REQUEST_URI=/pos.local/fonts/font.css
HTTP_REFERER=http://localhost/pos.local/css/style.css
---
2014/05/01 06:23:44 [error] [exception.CHttpException.404] exception 'CHttpException' with message 'Unable to resolve the request "fonts/font.css".' in D:\wamp\www\framework\web\CWebApplication.php:286
Stack trace:
#0 D:\wamp\www\framework\web\CWebApplication.php(141): CWebApplication->runController('fonts/font.css')
#1 D:\wamp\www\framework\base\CApplication.php(180): CWebApplication->processRequest()
#2 D:\wamp\www\pos.local\index.php(13): CApplication->run()
#3 {main}
REQUEST_URI=/pos.local/fonts/font.css
HTTP_REFERER=http://localhost/pos.local/css/style.css
---
2014/05/01 06:24:26 [error] [exception.CHttpException.404] exception 'CHttpException' with message 'Unable to resolve the request "fonts/font.css".' in D:\wamp\www\framework\web\CWebApplication.php:286
Stack trace:
#0 D:\wamp\www\framework\web\CWebApplication.php(141): CWebApplication->runController('fonts/font.css')
#1 D:\wamp\www\framework\base\CApplication.php(180): CWebApplication->processRequest()
#2 D:\wamp\www\pos.local\index.php(13): CApplication->run()
#3 {main}
REQUEST_URI=/pos.local/fonts/font.css
HTTP_REFERER=http://localhost/pos.local/css/style.css
---
2014/05/01 06:24:34 [error] [exception.CHttpException.404] exception 'CHttpException' with message 'Unable to resolve the request "fonts/font.css".' in D:\wamp\www\framework\web\CWebApplication.php:286
Stack trace:
#0 D:\wamp\www\framework\web\CWebApplication.php(141): CWebApplication->runController('fonts/font.css')
#1 D:\wamp\www\framework\base\CApplication.php(180): CWebApplication->processRequest()
#2 D:\wamp\www\pos.local\index.php(13): CApplication->run()
#3 {main}
REQUEST_URI=/pos.local/fonts/font.css
HTTP_REFERER=http://localhost/pos.local/css/style.css
---
2014/05/01 06:24:44 [error] [exception.CHttpException.404] exception 'CHttpException' with message 'Unable to resolve the request "fonts/font.css".' in D:\wamp\www\framework\web\CWebApplication.php:286
Stack trace:
#0 D:\wamp\www\framework\web\CWebApplication.php(141): CWebApplication->runController('fonts/font.css')
#1 D:\wamp\www\framework\base\CApplication.php(180): CWebApplication->processRequest()
#2 D:\wamp\www\pos.local\index.php(13): CApplication->run()
#3 {main}
REQUEST_URI=/pos.local/fonts/font.css
HTTP_REFERER=http://localhost/pos.local/css/style.css
---
2014/05/01 06:25:42 [error] [exception.CHttpException.404] exception 'CHttpException' with message 'Unable to resolve the request "fonts/font.css".' in D:\wamp\www\framework\web\CWebApplication.php:286
Stack trace:
#0 D:\wamp\www\framework\web\CWebApplication.php(141): CWebApplication->runController('fonts/font.css')
#1 D:\wamp\www\framework\base\CApplication.php(180): CWebApplication->processRequest()
#2 D:\wamp\www\pos.local\index.php(13): CApplication->run()
#3 {main}
REQUEST_URI=/pos.local/fonts/font.css
HTTP_REFERER=http://localhost/pos.local/css/style.css
---
2014/05/01 06:25:44 [error] [exception.CHttpException.404] exception 'CHttpException' with message 'Unable to resolve the request "img/remove-icon-small.png".' in D:\wamp\www\framework\web\CWebApplication.php:286
Stack trace:
#0 D:\wamp\www\framework\web\CWebApplication.php(141): CWebApplication->runController('img/remove-icon...')
#1 D:\wamp\www\framework\base\CApplication.php(180): CWebApplication->processRequest()
#2 D:\wamp\www\pos.local\index.php(13): CApplication->run()
#3 {main}
REQUEST_URI=/pos.local/img/remove-icon-small.png
HTTP_REFERER=http://localhost/pos.local/css/style.css
---
2014/05/01 06:25:57 [error] [exception.CHttpException.404] exception 'CHttpException' with message 'Unable to resolve the request "fonts/font.css".' in D:\wamp\www\framework\web\CWebApplication.php:286
Stack trace:
#0 D:\wamp\www\framework\web\CWebApplication.php(141): CWebApplication->runController('fonts/font.css')
#1 D:\wamp\www\framework\base\CApplication.php(180): CWebApplication->processRequest()
#2 D:\wamp\www\pos.local\index.php(13): CApplication->run()
#3 {main}
REQUEST_URI=/pos.local/fonts/font.css
HTTP_REFERER=http://localhost/pos.local/css/style.css
---
2014/05/01 06:26:18 [error] [exception.CHttpException.404] exception 'CHttpException' with message 'Unable to resolve the request "fonts/font.css".' in D:\wamp\www\framework\web\CWebApplication.php:286
Stack trace:
#0 D:\wamp\www\framework\web\CWebApplication.php(141): CWebApplication->runController('fonts/font.css')
#1 D:\wamp\www\framework\base\CApplication.php(180): CWebApplication->processRequest()
#2 D:\wamp\www\pos.local\index.php(13): CApplication->run()
#3 {main}
REQUEST_URI=/pos.local/fonts/font.css
HTTP_REFERER=http://localhost/pos.local/css/style.css
---
2014/05/01 06:26:32 [error] [exception.CHttpException.404] exception 'CHttpException' with message 'Unable to resolve the request "fonts/font.css".' in D:\wamp\www\framework\web\CWebApplication.php:286
Stack trace:
#0 D:\wamp\www\framework\web\CWebApplication.php(141): CWebApplication->runController('fonts/font.css')
#1 D:\wamp\www\framework\base\CApplication.php(180): CWebApplication->processRequest()
#2 D:\wamp\www\pos.local\index.php(13): CApplication->run()
#3 {main}
REQUEST_URI=/pos.local/fonts/font.css
HTTP_REFERER=http://localhost/pos.local/css/style.css
---
2014/05/01 06:29:47 [error] [exception.CHttpException.404] exception 'CHttpException' with message 'Unable to resolve the request "fonts/font.css".' in D:\wamp\www\framework\web\CWebApplication.php:286
Stack trace:
#0 D:\wamp\www\framework\web\CWebApplication.php(141): CWebApplication->runController('fonts/font.css')
#1 D:\wamp\www\framework\base\CApplication.php(180): CWebApplication->processRequest()
#2 D:\wamp\www\pos.local\index.php(13): CApplication->run()
#3 {main}
REQUEST_URI=/pos.local/fonts/font.css
HTTP_REFERER=http://localhost/pos.local/css/style.css
---
2014/05/01 06:29:57 [error] [exception.CHttpException.404] exception 'CHttpException' with message 'Unable to resolve the request "fonts/font.css".' in D:\wamp\www\framework\web\CWebApplication.php:286
Stack trace:
#0 D:\wamp\www\framework\web\CWebApplication.php(141): CWebApplication->runController('fonts/font.css')
#1 D:\wamp\www\framework\base\CApplication.php(180): CWebApplication->processRequest()
#2 D:\wamp\www\pos.local\index.php(13): CApplication->run()
#3 {main}
REQUEST_URI=/pos.local/fonts/font.css
HTTP_REFERER=http://localhost/pos.local/css/style.css
---
2014/05/01 06:32:02 [error] [exception.CHttpException.404] exception 'CHttpException' with message 'Unable to resolve the request "fonts/font.css".' in D:\wamp\www\framework\web\CWebApplication.php:286
Stack trace:
#0 D:\wamp\www\framework\web\CWebApplication.php(141): CWebApplication->runController('fonts/font.css')
#1 D:\wamp\www\framework\base\CApplication.php(180): CWebApplication->processRequest()
#2 D:\wamp\www\pos.local\index.php(13): CApplication->run()
#3 {main}
REQUEST_URI=/pos.local/fonts/font.css
HTTP_REFERER=http://localhost/pos.local/css/style.css
---
2014/05/01 06:32:10 [error] [exception.CHttpException.404] exception 'CHttpException' with message 'Unable to resolve the request "fonts/font.css".' in D:\wamp\www\framework\web\CWebApplication.php:286
Stack trace:
#0 D:\wamp\www\framework\web\CWebApplication.php(141): CWebApplication->runController('fonts/font.css')
#1 D:\wamp\www\framework\base\CApplication.php(180): CWebApplication->processRequest()
#2 D:\wamp\www\pos.local\index.php(13): CApplication->run()
#3 {main}
REQUEST_URI=/pos.local/fonts/font.css
HTTP_REFERER=http://localhost/pos.local/css/style.css
---
2014/05/01 06:32:49 [error] [exception.CHttpException.404] exception 'CHttpException' with message 'Unable to resolve the request "fonts/font.css".' in D:\wamp\www\framework\web\CWebApplication.php:286
Stack trace:
#0 D:\wamp\www\framework\web\CWebApplication.php(141): CWebApplication->runController('fonts/font.css')
#1 D:\wamp\www\framework\base\CApplication.php(180): CWebApplication->processRequest()
#2 D:\wamp\www\pos.local\index.php(13): CApplication->run()
#3 {main}
REQUEST_URI=/pos.local/fonts/font.css
HTTP_REFERER=http://localhost/pos.local/css/style.css
---
2014/05/01 06:36:50 [error] [exception.CHttpException.404] exception 'CHttpException' with message 'Unable to resolve the request "fonts/font.css".' in D:\wamp\www\framework\web\CWebApplication.php:286
Stack trace:
#0 D:\wamp\www\framework\web\CWebApplication.php(141): CWebApplication->runController('fonts/font.css')
#1 D:\wamp\www\framework\base\CApplication.php(180): CWebApplication->processRequest()
#2 D:\wamp\www\pos.local\index.php(13): CApplication->run()
#3 {main}
REQUEST_URI=/pos.local/fonts/font.css
HTTP_REFERER=http://localhost/pos.local/css/style.css
---
2014/05/01 06:36:52 [error] [php] Undefined variable: url (D:\wamp\www\pos.local\protected\modules\setup\controllers\CustomersController.php:11)
Stack trace:
#0 D:\wamp\www\framework\web\CController.php(286): CustomersController->runAction()
#1 D:\wamp\www\framework\web\CController.php(265): CustomersController->runActionWithFilters()
#2 D:\wamp\www\framework\web\CWebApplication.php(282): CustomersController->run()
#3 D:\wamp\www\framework\web\CWebApplication.php(141): CWebApplication->runController()
#4 D:\wamp\www\framework\base\CApplication.php(180): CWebApplication->processRequest()
#5 D:\wamp\www\pos.local\index.php(13): CWebApplication->run()
REQUEST_URI=/pos.local/setup/customers/getCustomerLists
in D:\wamp\www\pos.local\protected\modules\setup\controllers\CustomersController.php (11)
in D:\wamp\www\pos.local\index.php (13)
2014/05/01 06:38:33 [error] [exception.CHttpException.404] exception 'CHttpException' with message 'Unable to resolve the request "fonts/font.css".' in D:\wamp\www\framework\web\CWebApplication.php:286
Stack trace:
#0 D:\wamp\www\framework\web\CWebApplication.php(141): CWebApplication->runController('fonts/font.css')
#1 D:\wamp\www\framework\base\CApplication.php(180): CWebApplication->processRequest()
#2 D:\wamp\www\pos.local\index.php(13): CApplication->run()
#3 {main}
REQUEST_URI=/pos.local/fonts/font.css
HTTP_REFERER=http://localhost/pos.local/css/style.css
---
2014/05/01 06:39:01 [error] [exception.CHttpException.404] exception 'CHttpException' with message 'Unable to resolve the request "fonts/font.css".' in D:\wamp\www\framework\web\CWebApplication.php:286
Stack trace:
#0 D:\wamp\www\framework\web\CWebApplication.php(141): CWebApplication->runController('fonts/font.css')
#1 D:\wamp\www\framework\base\CApplication.php(180): CWebApplication->processRequest()
#2 D:\wamp\www\pos.local\index.php(13): CApplication->run()
#3 {main}
REQUEST_URI=/pos.local/fonts/font.css
HTTP_REFERER=http://localhost/pos.local/css/style.css
---
2014/05/01 06:39:44 [error] [exception.CHttpException.404] exception 'CHttpException' with message 'Unable to resolve the request "fonts/font.css".' in D:\wamp\www\framework\web\CWebApplication.php:286
Stack trace:
#0 D:\wamp\www\framework\web\CWebApplication.php(141): CWebApplication->runController('fonts/font.css')
#1 D:\wamp\www\framework\base\CApplication.php(180): CWebApplication->processRequest()
#2 D:\wamp\www\pos.local\index.php(13): CApplication->run()
#3 {main}
REQUEST_URI=/pos.local/fonts/font.css
HTTP_REFERER=http://localhost/pos.local/css/style.css
---
2014/05/01 06:46:24 [error] [exception.CHttpException.404] exception 'CHttpException' with message 'Unable to resolve the request "fonts/font.css".' in D:\wamp\www\framework\web\CWebApplication.php:286
Stack trace:
#0 D:\wamp\www\framework\web\CWebApplication.php(141): CWebApplication->runController('fonts/font.css')
#1 D:\wamp\www\framework\base\CApplication.php(180): CWebApplication->processRequest()
#2 D:\wamp\www\pos.local\index.php(13): CApplication->run()
#3 {main}
REQUEST_URI=/pos.local/fonts/font.css
HTTP_REFERER=http://localhost/pos.local/css/style.css
---
2014/05/01 06:57:11 [error] [exception.CHttpException.404] exception 'CHttpException' with message 'Unable to resolve the request "fonts/font.css".' in D:\wamp\www\framework\web\CWebApplication.php:286
Stack trace:
#0 D:\wamp\www\framework\web\CWebApplication.php(141): CWebApplication->runController('fonts/font.css')
#1 D:\wamp\www\framework\base\CApplication.php(180): CWebApplication->processRequest()
#2 D:\wamp\www\pos.local\index.php(13): CApplication->run()
#3 {main}
REQUEST_URI=/pos.local/fonts/font.css
HTTP_REFERER=http://localhost/pos.local/css/style.css
---
2014/05/01 06:57:17 [error] [exception.CHttpException.404] exception 'CHttpException' with message 'Unable to resolve the request "fonts/font.css".' in D:\wamp\www\framework\web\CWebApplication.php:286
Stack trace:
#0 D:\wamp\www\framework\web\CWebApplication.php(141): CWebApplication->runController('fonts/font.css')
#1 D:\wamp\www\framework\base\CApplication.php(180): CWebApplication->processRequest()
#2 D:\wamp\www\pos.local\index.php(13): CApplication->run()
#3 {main}
REQUEST_URI=/pos.local/fonts/font.css
HTTP_REFERER=http://localhost/pos.local/css/style.css
---
2014/05/01 06:57:27 [error] [exception.CHttpException.404] exception 'CHttpException' with message 'Unable to resolve the request "fonts/font.css".' in D:\wamp\www\framework\web\CWebApplication.php:286
Stack trace:
#0 D:\wamp\www\framework\web\CWebApplication.php(141): CWebApplication->runController('fonts/font.css')
#1 D:\wamp\www\framework\base\CApplication.php(180): CWebApplication->processRequest()
#2 D:\wamp\www\pos.local\index.php(13): CApplication->run()
#3 {main}
REQUEST_URI=/pos.local/fonts/font.css
HTTP_REFERER=http://localhost/pos.local/css/style.css
---
2014/05/01 07:07:32 [error] [exception.CHttpException.404] exception 'CHttpException' with message 'Unable to resolve the request "fonts/font.css".' in D:\wamp\www\framework\web\CWebApplication.php:286
Stack trace:
#0 D:\wamp\www\framework\web\CWebApplication.php(141): CWebApplication->runController('fonts/font.css')
#1 D:\wamp\www\framework\base\CApplication.php(180): CWebApplication->processRequest()
#2 D:\wamp\www\pos.local\index.php(13): CApplication->run()
#3 {main}
REQUEST_URI=/pos.local/fonts/font.css
HTTP_REFERER=http://localhost/pos.local/css/style.css
---
2014/05/01 07:07:48 [error] [exception.CHttpException.404] exception 'CHttpException' with message 'Unable to resolve the request "fonts/font.css".' in D:\wamp\www\framework\web\CWebApplication.php:286
Stack trace:
#0 D:\wamp\www\framework\web\CWebApplication.php(141): CWebApplication->runController('fonts/font.css')
#1 D:\wamp\www\framework\base\CApplication.php(180): CWebApplication->processRequest()
#2 D:\wamp\www\pos.local\index.php(13): CApplication->run()
#3 {main}
REQUEST_URI=/pos.local/fonts/font.css
HTTP_REFERER=http://localhost/pos.local/css/style.css
---
2014/05/01 07:07:51 [error] [exception.CHttpException.404] exception 'CHttpException' with message 'Unable to resolve the request "img/remove-icon-small.png".' in D:\wamp\www\framework\web\CWebApplication.php:286
Stack trace:
#0 D:\wamp\www\framework\web\CWebApplication.php(141): CWebApplication->runController('img/remove-icon...')
#1 D:\wamp\www\framework\base\CApplication.php(180): CWebApplication->processRequest()
#2 D:\wamp\www\pos.local\index.php(13): CApplication->run()
#3 {main}
REQUEST_URI=/pos.local/img/remove-icon-small.png
HTTP_REFERER=http://localhost/pos.local/css/style.css
---
2014/05/01 07:08:05 [error] [exception.CHttpException.404] exception 'CHttpException' with message 'Unable to resolve the request "fonts/font.css".' in D:\wamp\www\framework\web\CWebApplication.php:286
Stack trace:
#0 D:\wamp\www\framework\web\CWebApplication.php(141): CWebApplication->runController('fonts/font.css')
#1 D:\wamp\www\framework\base\CApplication.php(180): CWebApplication->processRequest()
#2 D:\wamp\www\pos.local\index.php(13): CApplication->run()
#3 {main}
REQUEST_URI=/pos.local/fonts/font.css
HTTP_REFERER=http://localhost/pos.local/css/style.css
---
2014/05/01 07:08:17 [error] [exception.CHttpException.404] exception 'CHttpException' with message 'Unable to resolve the request "fonts/font.css".' in D:\wamp\www\framework\web\CWebApplication.php:286
Stack trace:
#0 D:\wamp\www\framework\web\CWebApplication.php(141): CWebApplication->runController('fonts/font.css')
#1 D:\wamp\www\framework\base\CApplication.php(180): CWebApplication->processRequest()
#2 D:\wamp\www\pos.local\index.php(13): CApplication->run()
#3 {main}
REQUEST_URI=/pos.local/fonts/font.css
HTTP_REFERER=http://localhost/pos.local/css/style.css
---
2014/05/01 07:08:22 [error] [exception.CHttpException.404] exception 'CHttpException' with message 'Unable to resolve the request "fonts/font.css".' in D:\wamp\www\framework\web\CWebApplication.php:286
Stack trace:
#0 D:\wamp\www\framework\web\CWebApplication.php(141): CWebApplication->runController('fonts/font.css')
#1 D:\wamp\www\framework\base\CApplication.php(180): CWebApplication->processRequest()
#2 D:\wamp\www\pos.local\index.php(13): CApplication->run()
#3 {main}
REQUEST_URI=/pos.local/fonts/font.css
HTTP_REFERER=http://localhost/pos.local/css/style.css
---
2014/05/01 07:08:23 [error] [exception.CHttpException.404] exception 'CHttpException' with message 'Unable to resolve the request "img/remove-icon-small.png".' in D:\wamp\www\framework\web\CWebApplication.php:286
Stack trace:
#0 D:\wamp\www\framework\web\CWebApplication.php(141): CWebApplication->runController('img/remove-icon...')
#1 D:\wamp\www\framework\base\CApplication.php(180): CWebApplication->processRequest()
#2 D:\wamp\www\pos.local\index.php(13): CApplication->run()
#3 {main}
REQUEST_URI=/pos.local/img/remove-icon-small.png
HTTP_REFERER=http://localhost/pos.local/css/style.css
---
2014/05/01 07:08:40 [error] [exception.CHttpException.404] exception 'CHttpException' with message 'Unable to resolve the request "fonts/font.css".' in D:\wamp\www\framework\web\CWebApplication.php:286
Stack trace:
#0 D:\wamp\www\framework\web\CWebApplication.php(141): CWebApplication->runController('fonts/font.css')
#1 D:\wamp\www\framework\base\CApplication.php(180): CWebApplication->processRequest()
#2 D:\wamp\www\pos.local\index.php(13): CApplication->run()
#3 {main}
REQUEST_URI=/pos.local/fonts/font.css
HTTP_REFERER=http://localhost/pos.local/css/style.css
---
2014/05/01 07:12:19 [error] [exception.CHttpException.404] exception 'CHttpException' with message 'Unable to resolve the request "fonts/font.css".' in D:\wamp\www\framework\web\CWebApplication.php:286
Stack trace:
#0 D:\wamp\www\framework\web\CWebApplication.php(141): CWebApplication->runController('fonts/font.css')
#1 D:\wamp\www\framework\base\CApplication.php(180): CWebApplication->processRequest()
#2 D:\wamp\www\pos.local\index.php(13): CApplication->run()
#3 {main}
REQUEST_URI=/pos.local/fonts/font.css
HTTP_REFERER=http://localhost/pos.local/css/style.css
---
2014/05/01 07:13:45 [error] [exception.CHttpException.404] exception 'CHttpException' with message 'Unable to resolve the request "fonts/font.css".' in D:\wamp\www\framework\web\CWebApplication.php:286
Stack trace:
#0 D:\wamp\www\framework\web\CWebApplication.php(141): CWebApplication->runController('fonts/font.css')
#1 D:\wamp\www\framework\base\CApplication.php(180): CWebApplication->processRequest()
#2 D:\wamp\www\pos.local\index.php(13): CApplication->run()
#3 {main}
REQUEST_URI=/pos.local/fonts/font.css
HTTP_REFERER=http://localhost/pos.local/css/style.css
---
2014/05/01 07:14:18 [error] [exception.CException] exception 'CException' with message 'HomeController cannot find the requested view "signIn".' in D:\wamp\www\framework\web\CController.php:878
Stack trace:
#0 D:\wamp\www\framework\web\CController.php(782): CController->renderPartial('signIn', Array, true)
#1 D:\wamp\www\pos.local\protected\controllers\HomeController.php(112): CController->render('signIn', Array)
#2 D:\wamp\www\framework\web\actions\CInlineAction.php(49): HomeController->actionSignIn()
#3 D:\wamp\www\framework\web\CController.php(308): CInlineAction->runWithParams(Array)
#4 D:\wamp\www\framework\web\CController.php(286): CController->runAction(Object(CInlineAction))
#5 D:\wamp\www\framework\web\CController.php(265): CController->runActionWithFilters(Object(CInlineAction), Array)
#6 D:\wamp\www\framework\web\CWebApplication.php(282): CController->run('signin')
#7 D:\wamp\www\framework\web\CWebApplication.php(141): CWebApplication->runController('home/signin')
#8 D:\wamp\www\framework\base\CApplication.php(180): CWebApplication->processRequest()
#9 D:\wamp\www\pos.local\index.php(13): CApplication->run()
#10 {main}
REQUEST_URI=/pos.local/home/signin
---
2014/05/01 07:15:39 [error] [exception.CHttpException.404] exception 'CHttpException' with message 'Unable to resolve the request "fonts/font.css".' in D:\wamp\www\framework\web\CWebApplication.php:286
Stack trace:
#0 D:\wamp\www\framework\web\CWebApplication.php(141): CWebApplication->runController('fonts/font.css')
#1 D:\wamp\www\framework\base\CApplication.php(180): CWebApplication->processRequest()
#2 D:\wamp\www\pos.local\index.php(13): CApplication->run()
#3 {main}
REQUEST_URI=/pos.local/fonts/font.css
HTTP_REFERER=http://localhost/pos.local/css/style.css
---
2014/05/01 07:15:59 [error] [exception.CHttpException.404] exception 'CHttpException' with message 'Unable to resolve the request "fonts/font.css".' in D:\wamp\www\framework\web\CWebApplication.php:286
Stack trace:
#0 D:\wamp\www\framework\web\CWebApplication.php(141): CWebApplication->runController('fonts/font.css')
#1 D:\wamp\www\framework\base\CApplication.php(180): CWebApplication->processRequest()
#2 D:\wamp\www\pos.local\index.php(13): CApplication->run()
#3 {main}
REQUEST_URI=/pos.local/fonts/font.css
HTTP_REFERER=http://localhost/pos.local/css/style.css
---
2014/05/01 07:16:03 [error] [exception.CHttpException.404] exception 'CHttpException' with message 'Unable to resolve the request "img/remove-icon-small.png".' in D:\wamp\www\framework\web\CWebApplication.php:286
Stack trace:
#0 D:\wamp\www\framework\web\CWebApplication.php(141): CWebApplication->runController('img/remove-icon...')
#1 D:\wamp\www\framework\base\CApplication.php(180): CWebApplication->processRequest()
#2 D:\wamp\www\pos.local\index.php(13): CApplication->run()
#3 {main}
REQUEST_URI=/pos.local/img/remove-icon-small.png
HTTP_REFERER=http://localhost/pos.local/css/style.css
---
2014/05/01 07:16:24 [error] [exception.CHttpException.404] exception 'CHttpException' with message 'Unable to resolve the request "fonts/font.css".' in D:\wamp\www\framework\web\CWebApplication.php:286
Stack trace:
#0 D:\wamp\www\framework\web\CWebApplication.php(141): CWebApplication->runController('fonts/font.css')
#1 D:\wamp\www\framework\base\CApplication.php(180): CWebApplication->processRequest()
#2 D:\wamp\www\pos.local\index.php(13): CApplication->run()
#3 {main}
REQUEST_URI=/pos.local/fonts/font.css
HTTP_REFERER=http://localhost/pos.local/css/style.css
---
2014/05/01 07:16:34 [error] [exception.CHttpException.404] exception 'CHttpException' with message 'Unable to resolve the request "fonts/font.css".' in D:\wamp\www\framework\web\CWebApplication.php:286
Stack trace:
#0 D:\wamp\www\framework\web\CWebApplication.php(141): CWebApplication->runController('fonts/font.css')
#1 D:\wamp\www\framework\base\CApplication.php(180): CWebApplication->processRequest()
#2 D:\wamp\www\pos.local\index.php(13): CApplication->run()
#3 {main}
REQUEST_URI=/pos.local/fonts/font.css
HTTP_REFERER=http://localhost/pos.local/css/style.css
---
2014/05/01 07:18:40 [error] [exception.CHttpException.404] exception 'CHttpException' with message 'Unable to resolve the request "fonts/font.css".' in D:\wamp\www\framework\web\CWebApplication.php:286
Stack trace:
#0 D:\wamp\www\framework\web\CWebApplication.php(141): CWebApplication->runController('fonts/font.css')
#1 D:\wamp\www\framework\base\CApplication.php(180): CWebApplication->processRequest()
#2 D:\wamp\www\pos.local\index.php(13): CApplication->run()
#3 {main}
REQUEST_URI=/pos.local/fonts/font.css
HTTP_REFERER=http://localhost/pos.local/css/style.css
---
2014/05/01 07:19:08 [error] [exception.CHttpException.404] exception 'CHttpException' with message 'The system is unable to find the requested action "pos.local".' in D:\wamp\www\framework\web\CController.php:483
Stack trace:
#0 D:\wamp\www\framework\web\CController.php(270): CController->missingAction('pos.local')
#1 D:\wamp\www\framework\web\CWebApplication.php(282): CController->run('pos.local')
#2 D:\wamp\www\framework\web\CWebApplication.php(141): CWebApplication->runController('home/pos.local/...')
#3 D:\wamp\www\framework\base\CApplication.php(180): CWebApplication->processRequest()
#4 D:\wamp\www\pos.local\index.php(13): CApplication->run()
#5 {main}
REQUEST_URI=/pos.local/home/pos.local/home/signin
HTTP_REFERER=http://localhost/pos.local/home/signin
---
2014/05/01 07:19:12 [error] [exception.CHttpException.404] exception 'CHttpException' with message 'Unable to resolve the request "fonts/font.css".' in D:\wamp\www\framework\web\CWebApplication.php:286
Stack trace:
#0 D:\wamp\www\framework\web\CWebApplication.php(141): CWebApplication->runController('fonts/font.css')
#1 D:\wamp\www\framework\base\CApplication.php(180): CWebApplication->processRequest()
#2 D:\wamp\www\pos.local\index.php(13): CApplication->run()
#3 {main}
REQUEST_URI=/pos.local/fonts/font.css
HTTP_REFERER=http://localhost/pos.local/css/style.css
---
2014/05/01 07:27:46 [error] [exception.CHttpException.404] exception 'CHttpException' with message 'Unable to resolve the request "fonts/font.css".' in D:\wamp\www\framework\web\CWebApplication.php:286
Stack trace:
#0 D:\wamp\www\framework\web\CWebApplication.php(141): CWebApplication->runController('fonts/font.css')
#1 D:\wamp\www\framework\base\CApplication.php(180): CWebApplication->processRequest()
#2 D:\wamp\www\pos.local\index.php(13): CApplication->run()
#3 {main}
REQUEST_URI=/pos.local/fonts/font.css
HTTP_REFERER=http://localhost/pos.local/css/style.css
---
2014/05/01 07:27:58 [error] [exception.CHttpException.404] exception 'CHttpException' with message 'Unable to resolve the request "fonts/font.css".' in D:\wamp\www\framework\web\CWebApplication.php:286
Stack trace:
#0 D:\wamp\www\framework\web\CWebApplication.php(141): CWebApplication->runController('fonts/font.css')
#1 D:\wamp\www\framework\base\CApplication.php(180): CWebApplication->processRequest()
#2 D:\wamp\www\pos.local\index.php(13): CApplication->run()
#3 {main}
REQUEST_URI=/pos.local/fonts/font.css
HTTP_REFERER=http://localhost/pos.local/css/style.css
---
2014/05/01 07:28:09 [error] [exception.CHttpException.404] exception 'CHttpException' with message 'Unable to resolve the request "fonts/font.css".' in D:\wamp\www\framework\web\CWebApplication.php:286
Stack trace:
#0 D:\wamp\www\framework\web\CWebApplication.php(141): CWebApplication->runController('fonts/font.css')
#1 D:\wamp\www\framework\base\CApplication.php(180): CWebApplication->processRequest()
#2 D:\wamp\www\pos.local\index.php(13): CApplication->run()
#3 {main}
REQUEST_URI=/pos.local/fonts/font.css
HTTP_REFERER=http://localhost/pos.local/css/style.css
---
2014/05/01 07:29:10 [error] [exception.CHttpException.404] exception 'CHttpException' with message 'Unable to resolve the request "fonts/font.css".' in D:\wamp\www\framework\web\CWebApplication.php:286
Stack trace:
#0 D:\wamp\www\framework\web\CWebApplication.php(141): CWebApplication->runController('fonts/font.css')
#1 D:\wamp\www\framework\base\CApplication.php(180): CWebApplication->processRequest()
#2 D:\wamp\www\pos.local\index.php(13): CApplication->run()
#3 {main}
REQUEST_URI=/pos.local/fonts/font.css
HTTP_REFERER=http://localhost/pos.local/css/style.css
---
2014/05/01 07:29:18 [error] [exception.CHttpException.404] exception 'CHttpException' with message 'Unable to resolve the request "fonts/font.css".' in D:\wamp\www\framework\web\CWebApplication.php:286
Stack trace:
#0 D:\wamp\www\framework\web\CWebApplication.php(141): CWebApplication->runController('fonts/font.css')
#1 D:\wamp\www\framework\base\CApplication.php(180): CWebApplication->processRequest()
#2 D:\wamp\www\pos.local\index.php(13): CApplication->run()
#3 {main}
REQUEST_URI=/pos.local/fonts/font.css
HTTP_REFERER=http://localhost/pos.local/css/style.css
---
2014/05/01 07:29:21 [error] [exception.CHttpException.404] exception 'CHttpException' with message 'Unable to resolve the request "img/remove-icon-small.png".' in D:\wamp\www\framework\web\CWebApplication.php:286
Stack trace:
#0 D:\wamp\www\framework\web\CWebApplication.php(141): CWebApplication->runController('img/remove-icon...')
#1 D:\wamp\www\framework\base\CApplication.php(180): CWebApplication->processRequest()
#2 D:\wamp\www\pos.local\index.php(13): CApplication->run()
#3 {main}
REQUEST_URI=/pos.local/img/remove-icon-small.png
HTTP_REFERER=http://localhost/pos.local/css/style.css
---
2014/05/01 07:29:29 [error] [exception.CHttpException.404] exception 'CHttpException' with message 'Unable to resolve the request "fonts/font.css".' in D:\wamp\www\framework\web\CWebApplication.php:286
Stack trace:
#0 D:\wamp\www\framework\web\CWebApplication.php(141): CWebApplication->runController('fonts/font.css')
#1 D:\wamp\www\framework\base\CApplication.php(180): CWebApplication->processRequest()
#2 D:\wamp\www\pos.local\index.php(13): CApplication->run()
#3 {main}
REQUEST_URI=/pos.local/fonts/font.css
HTTP_REFERER=http://localhost/pos.local/css/style.css
---
2014/05/01 07:29:41 [error] [exception.CHttpException.404] exception 'CHttpException' with message 'Unable to resolve the request "fonts/font.css".' in D:\wamp\www\framework\web\CWebApplication.php:286
Stack trace:
#0 D:\wamp\www\framework\web\CWebApplication.php(141): CWebApplication->runController('fonts/font.css')
#1 D:\wamp\www\framework\base\CApplication.php(180): CWebApplication->processRequest()
#2 D:\wamp\www\pos.local\index.php(13): CApplication->run()
#3 {main}
REQUEST_URI=/pos.local/fonts/font.css
HTTP_REFERER=http://localhost/pos.local/css/style.css
---
2014/05/01 07:31:07 [error] [exception.CHttpException.404] exception 'CHttpException' with message 'Unable to resolve the request "fonts/font.css".' in D:\wamp\www\framework\web\CWebApplication.php:286
Stack trace:
#0 D:\wamp\www\framework\web\CWebApplication.php(141): CWebApplication->runController('fonts/font.css')
#1 D:\wamp\www\framework\base\CApplication.php(180): CWebApplication->processRequest()
#2 D:\wamp\www\pos.local\index.php(13): CApplication->run()
#3 {main}
REQUEST_URI=/pos.local/fonts/font.css
HTTP_REFERER=http://localhost/pos.local/css/style.css
---
2014/05/01 07:31:40 [error] [exception.CHttpException.404] exception 'CHttpException' with message 'Unable to resolve the request "fonts/font.css".' in D:\wamp\www\framework\web\CWebApplication.php:286
Stack trace:
#0 D:\wamp\www\framework\web\CWebApplication.php(141): CWebApplication->runController('fonts/font.css')
#1 D:\wamp\www\framework\base\CApplication.php(180): CWebApplication->processRequest()
#2 D:\wamp\www\pos.local\index.php(13): CApplication->run()
#3 {main}
REQUEST_URI=/pos.local/fonts/font.css
HTTP_REFERER=http://localhost/pos.local/css/style.css
---
2014/05/01 07:32:04 [error] [exception.CHttpException.404] exception 'CHttpException' with message 'Unable to resolve the request "fonts/font.css".' in D:\wamp\www\framework\web\CWebApplication.php:286
Stack trace:
#0 D:\wamp\www\framework\web\CWebApplication.php(141): CWebApplication->runController('fonts/font.css')
#1 D:\wamp\www\framework\base\CApplication.php(180): CWebApplication->processRequest()
#2 D:\wamp\www\pos.local\index.php(13): CApplication->run()
#3 {main}
REQUEST_URI=/pos.local/fonts/font.css
HTTP_REFERER=http://localhost/pos.local/css/style.css
---
2014/05/01 07:48:52 [error] [exception.CHttpException.404] exception 'CHttpException' with message 'Unable to resolve the request "fonts/font.css".' in D:\wamp\www\framework\web\CWebApplication.php:286
Stack trace:
#0 D:\wamp\www\framework\web\CWebApplication.php(141): CWebApplication->runController('fonts/font.css')
#1 D:\wamp\www\framework\base\CApplication.php(180): CWebApplication->processRequest()
#2 D:\wamp\www\pos.local\index.php(13): CApplication->run()
#3 {main}
REQUEST_URI=/pos.local/fonts/font.css
HTTP_REFERER=http://localhost/pos.local/css/style.css
---
2014/05/01 07:49:01 [error] [exception.CHttpException.404] exception 'CHttpException' with message 'Unable to resolve the request "fonts/font.css".' in D:\wamp\www\framework\web\CWebApplication.php:286
Stack trace:
#0 D:\wamp\www\framework\web\CWebApplication.php(141): CWebApplication->runController('fonts/font.css')
#1 D:\wamp\www\framework\base\CApplication.php(180): CWebApplication->processRequest()
#2 D:\wamp\www\pos.local\index.php(13): CApplication->run()
#3 {main}
REQUEST_URI=/pos.local/fonts/font.css
HTTP_REFERER=http://localhost/pos.local/css/style.css
---
2014/05/01 07:49:13 [error] [exception.CHttpException.404] exception 'CHttpException' with message 'Unable to resolve the request "fonts/font.css".' in D:\wamp\www\framework\web\CWebApplication.php:286
Stack trace:
#0 D:\wamp\www\framework\web\CWebApplication.php(141): CWebApplication->runController('fonts/font.css')
#1 D:\wamp\www\framework\base\CApplication.php(180): CWebApplication->processRequest()
#2 D:\wamp\www\pos.local\index.php(13): CApplication->run()
#3 {main}
REQUEST_URI=/pos.local/fonts/font.css
HTTP_REFERER=http://localhost/pos.local/css/style.css
---
2014/05/01 07:49:17 [error] [exception.CHttpException.404] exception 'CHttpException' with message 'Unable to resolve the request "img/remove-icon-small.png".' in D:\wamp\www\framework\web\CWebApplication.php:286
Stack trace:
#0 D:\wamp\www\framework\web\CWebApplication.php(141): CWebApplication->runController('img/remove-icon...')
#1 D:\wamp\www\framework\base\CApplication.php(180): CWebApplication->processRequest()
#2 D:\wamp\www\pos.local\index.php(13): CApplication->run()
#3 {main}
REQUEST_URI=/pos.local/img/remove-icon-small.png
HTTP_REFERER=http://localhost/pos.local/css/style.css
---
2014/05/01 07:49:22 [error] [exception.CHttpException.404] exception 'CHttpException' with message 'Unable to resolve the request "fonts/font.css".' in D:\wamp\www\framework\web\CWebApplication.php:286
Stack trace:
#0 D:\wamp\www\framework\web\CWebApplication.php(141): CWebApplication->runController('fonts/font.css')
#1 D:\wamp\www\framework\base\CApplication.php(180): CWebApplication->processRequest()
#2 D:\wamp\www\pos.local\index.php(13): CApplication->run()
#3 {main}
REQUEST_URI=/pos.local/fonts/font.css
HTTP_REFERER=http://localhost/pos.local/css/style.css
---
2014/05/01 07:49:31 [error] [exception.CHttpException.404] exception 'CHttpException' with message 'Unable to resolve the request "fonts/font.css".' in D:\wamp\www\framework\web\CWebApplication.php:286
Stack trace:
#0 D:\wamp\www\framework\web\CWebApplication.php(141): CWebApplication->runController('fonts/font.css')
#1 D:\wamp\www\framework\base\CApplication.php(180): CWebApplication->processRequest()
#2 D:\wamp\www\pos.local\index.php(13): CApplication->run()
#3 {main}
REQUEST_URI=/pos.local/fonts/font.css
HTTP_REFERER=http://localhost/pos.local/css/style.css
---
2014/05/01 07:49:56 [error] [exception.CHttpException.404] exception 'CHttpException' with message 'Unable to resolve the request "fonts/font.css".' in D:\wamp\www\framework\web\CWebApplication.php:286
Stack trace:
#0 D:\wamp\www\framework\web\CWebApplication.php(141): CWebApplication->runController('fonts/font.css')
#1 D:\wamp\www\framework\base\CApplication.php(180): CWebApplication->processRequest()
#2 D:\wamp\www\pos.local\index.php(13): CApplication->run()
#3 {main}
REQUEST_URI=/pos.local/fonts/font.css
HTTP_REFERER=http://localhost/pos.local/css/style.css
---
2014/05/01 07:52:44 [error] [exception.CHttpException.404] exception 'CHttpException' with message 'Unable to resolve the request "fonts/font.css".' in D:\wamp\www\framework\web\CWebApplication.php:286
Stack trace:
#0 D:\wamp\www\framework\web\CWebApplication.php(141): CWebApplication->runController('fonts/font.css')
#1 D:\wamp\www\framework\base\CApplication.php(180): CWebApplication->processRequest()
#2 D:\wamp\www\pos.local\index.php(13): CApplication->run()
#3 {main}
REQUEST_URI=/pos.local/fonts/font.css
HTTP_REFERER=http://localhost/pos.local/css/style.css
---
2014/05/01 07:52:53 [error] [exception.CHttpException.404] exception 'CHttpException' with message 'Unable to resolve the request "fonts/font.css".' in D:\wamp\www\framework\web\CWebApplication.php:286
Stack trace:
#0 D:\wamp\www\framework\web\CWebApplication.php(141): CWebApplication->runController('fonts/font.css')
#1 D:\wamp\www\framework\base\CApplication.php(180): CWebApplication->processRequest()
#2 D:\wamp\www\pos.local\index.php(13): CApplication->run()
#3 {main}
REQUEST_URI=/pos.local/fonts/font.css
HTTP_REFERER=http://localhost/pos.local/css/style.css
---
